Ejecución iniciada: Sat Apr 18 09:19:27 PM UTC 2026
ejecutando planificador con algoritmo fcfs
Generando métricas y diagrama de Gantt
ejecutando planificador con algoritmo sjf
Generando métricas y diagrama de Gantt
ejecutando planificador con algoritmo prioridad
Generando métricas y diagrama de Gantt
ejecutando planificador con algoritmo prioridad_preemptive
Generando métricas y diagrama de Gantt
ejecutando planificador con algoritmo rr
Generando métricas y diagrama de Gantt
ejecutando planificador con algoritmo fcfs
Generando métricas y diagrama de Gantt
ejecutando planificador con algoritmo sjf
Generando métricas y diagrama de Gantt
ejecutando planificador con algoritmo prioridad
Generando métricas y diagrama de Gantt
ejecutando planificador con algoritmo prioridad_preemptive
Generando métricas y diagrama de Gantt
ejecutando planificador con algoritmo rr
Generando métricas y diagrama de Gantt
ejecutando planificador con algoritmo fcfs
Generando métricas y diagrama de Gantt
ejecutando planificador con algoritmo sjf
Generando métricas y diagrama de Gantt
ejecutando planificador con algoritmo prioridad
Generando métricas y diagrama de Gantt
ejecutando planificador con algoritmo prioridad_preemptive
Generando métricas y diagrama de Gantt
ejecutando planificador con algoritmo rr
Generando métricas y diagrama de Gantt
ejecutando planificador con algoritmo fcfs
Generando métricas y diagrama de Gantt
ejecutando planificador con algoritmo sjf
Generando métricas y diagrama de Gantt
ejecutando planificador con algoritmo prioridad
Generando métricas y diagrama de Gantt
ejecutando planificador con algoritmo prioridad_preemptive
Generando métricas y diagrama de Gantt
ejecutando planificador con algoritmo rr
Generando métricas y diagrama de Gantt
ejecutando planificador con algoritmo fcfs
Generando métricas y diagrama de Gantt
ejecutando planificador con algoritmo sjf
Generando métricas y diagrama de Gantt
ejecutando planificador con algoritmo prioridad
Generando métricas y diagrama de Gantt
ejecutando planificador con algoritmo prioridad_preemptive
Generando métricas y diagrama de Gantt
ejecutando planificador con algoritmo rr
Generando métricas y diagrama de Gantt
Error generando gráficos de métricas. Se registra en el log.
